<!DOCTYPE html PUBLIC "-//W3C//DTD XHTML 1.1//EN" "http://www.w3.org/TR/xhtml11/DTD/xhtml11.dtd">
<html xmlns="http://www.w3.org/1999/xhtml"><head><title>TestNG Report</title><style type="text/css">table {margin-bottom:10px;border-collapse:collapse;empty-cells:show}th,td {border:1px solid #009;padding:.25em .5em}th {vertical-align:bottom}td {vertical-align:top}table a {font-weight:bold}.stripe td {background-color: #E6EBF9}.num {text-align:right}.passedodd td {background-color: #3F3}.passedeven td {background-color: #0A0}.skippedodd td {background-color: #DDD}.skippedeven td {background-color: #CCC}.failedodd td,.attn {background-color: #F33}.failedeven td,.stripe .attn {background-color: #D00}.stacktrace {white-space:pre;font-family:monospace}.totop {font-size:85%;text-align:center;border-bottom:2px solid #000}</style></head><body><table><tr><th>Test</th><th># Passed</th><th># Skipped</th><th># Failed</th><th>Time (ms)</th><th>Included Groups</th><th>Excluded Groups</th></tr><tr><th colspan="7">Suite1</th></tr><tr><td><a href="#t0">TestcaseA1</a></td><td class="num">2</td><td class="num">0</td><td class="num">0</td><td class="num">687</td><td></td><td></td></tr><tr class="stripe"><td><a href="#t1">TestcaseA2</a></td><td class="num">0</td><td class="num attn">5</td><td class="num">0</td><td class="num">328</td><td></td><td></td></tr><tr><td><a href="#t2">TestcaseA3</a></td><td class="num">3</td><td class="num attn">2</td><td class="num">0</td><td class="num">234</td><td></td><td></td></tr><tr><th colspan="7">Suite2</th></tr><tr class="stripe"><td><a href="#t3">TestcaseB1</a></td><td class="num">2</td><td class="num">0</td><td class="num">0</td><td class="num">93</td><td></td><td></td></tr><tr><td><a href="#t4">TestcaseB2</a></td><td class="num">3</td><td class="num attn">2</td><td class="num">0</td><td class="num">216</td><td></td><td></td></tr><tr class="stripe"><td><a href="#t5">TestcaseB3</a></td><td class="num">3</td><td class="num attn">2</td><td class="num">0</td><td class="num">176</td><td></td><td></td></tr><tr><th colspan="7">Test Suites</th></tr><tr><th>Total</th><th class="num">13</th><th class="num attn">11</th><th class="num">0</th><th class="num">1,734</th><th colspan="2"></th></tr></table><table id='summary'><thead><tr><th>Class</th><th>Method</th><th>Start</th><th>Time (ms)</th></tr></thead><tbody><tr><th colspan="4">Suite1</th></tr></tbody><tbody id="t0"><tr><th colspan="4">TestcaseA1 &#8212; passed</th></tr><tr class="passedeven"><td rowspan="2">Suite1.TestcaseA1</td><td><a href="#m0">testCaseA1</a></td><td rowspan="2">1490176969052</td><td rowspan="2">109</td></tr><tr class="passedeven"><td><a href="#m1">testCaseA1</a></td></tr></tbody><tbody id="t1"><tr><th colspan="4">TestcaseA2 &#8212; skipped</th></tr><tr class="skippedeven"><td rowspan="5">Suite1.TestcaseA2</td><td><a href="#m2">testCaseA2</a></td><td rowspan="5">1490176969349</td><td rowspan="5">46</td></tr><tr class="skippedeven"><td><a href="#m3">testCaseA2</a></td></tr><tr class="skippedeven"><td><a href="#m4">testCaseA2</a></td></tr><tr class="skippedeven"><td><a href="#m5">testCaseA2</a></td></tr><tr class="skippedeven"><td><a href="#m6">testCaseA2</a></td></tr></tbody><tbody id="t2"><tr><th colspan="4">TestcaseA3 &#8212; skipped</th></tr><tr class="skippedeven"><td rowspan="2">Suite1.TestcaseA3</td><td><a href="#m7">testCaseA3</a></td><td rowspan="2">1490176969692</td><td rowspan="2">47</td></tr><tr class="skippedeven"><td><a href="#m8">testCaseA3</a></td></tr><tr><th colspan="4">TestcaseA3 &#8212; passed</th></tr><tr class="passedeven"><td rowspan="3">Suite1.TestcaseA3</td><td><a href="#m9">testCaseA3</a></td><td rowspan="3">1490176969785</td><td rowspan="3">47</td></tr><tr class="passedeven"><td><a href="#m10">testCaseA3</a></td></tr><tr class="passedeven"><td><a href="#m11">testCaseA3</a></td></tr></tbody><tbody><tr><th colspan="4">Suite2</th></tr></tbody><tbody id="t3"><tr><th colspan="4">TestcaseB1 &#8212; passed</th></tr><tr class="passedeven"><td rowspan="2">Suite2.TestcaseB1</td><td><a href="#m12">testCaseB1</a></td><td rowspan="2">1490176969957</td><td rowspan="2">31</td></tr><tr class="passedeven"><td><a href="#m13">testCaseB1</a></td></tr></tbody><tbody id="t4"><tr><th colspan="4">TestcaseB2 &#8212; skipped</th></tr><tr class="skippedeven"><td rowspan="2">Suite2.TestcaseB2</td><td><a href="#m14">testCaseB2</a></td><td rowspan="2">1490176970157</td><td rowspan="2">16</td></tr><tr class="skippedeven"><td><a href="#m15">testCaseB2</a></td></tr><tr><th colspan="4">TestcaseB2 &#8212; passed</th></tr><tr class="passedeven"><td rowspan="3">Suite2.TestcaseB2</td><td><a href="#m16">testCaseB2</a></td><td rowspan="3">1490176970094</td><td rowspan="3">32</td></tr><tr class="passedeven"><td><a href="#m17">testCaseB2</a></td></tr><tr class="passedeven"><td><a href="#m18">testCaseB2</a></td></tr></tbody><tbody id="t5"><tr><th colspan="4">TestcaseB3 &#8212; skipped</th></tr><tr class="skippedeven"><td rowspan="2">Suite2.TestcaseB3</td><td><a href="#m19">testCaseB3</a></td><td rowspan="2">1490176970364</td><td rowspan="2">47</td></tr><tr class="skippedeven"><td><a href="#m20">testCaseB3</a></td></tr><tr><th colspan="4">TestcaseB3 &#8212; passed</th></tr><tr class="passedeven"><td rowspan="3">Suite2.TestcaseB3</td><td><a href="#m21">testCaseB3</a></td><td rowspan="3">1490176970317</td><td rowspan="3">31</td></tr><tr class="passedeven"><td><a href="#m22">testCaseB3</a></td></tr><tr class="passedeven"><td><a href="#m23">testCaseB3</a></td></tr></tbody><tbody><tr><th colspan="4">Test Suites</th></tr></tbody></table><h2>TestcaseA1</h2><h3 id="m0">Suite1.TestcaseA1#testCaseA1</h3><table class="result"><tr class="param"><th>Parameter #1</th></tr><tr class="param stripe"><td>{RunMode=Y, TestData=Login1, Iteration=1.0, UserName=asd, Browser=Chrome}</td></tr></table><p class="totop"><a href="#summary">back to summary</a></p><h3 id="m1">Suite1.TestcaseA1#testCaseA1</h3><table class="result"><tr class="param"><th>Parameter #1</th></tr><tr class="param stripe"><td>{RunMode=Y, TestData=Login2, Iteration=2.0, UserName=asfg, Browser=Firefox}</td></tr></table><p class="totop"><a href="#summary">back to summary</a></p><h2>TestcaseA2</h2><h3 id="m2">Suite1.TestcaseA2#testCaseA2</h3><table class="result"><tr class="param"><th>Parameter #1</th></tr><tr class="param stripe"><td>{RunMode=Y, TestData=SignUp1, Iteration=1.0, Browser=Chrome}</td></tr><tr><th>Exception</th></tr><tr><td><div class="stacktrace">org.testng.SkipException: Skipped : TestcaseA2 as the RunMode is set to No
	at utils.ReadTestData.checkExecution(ReadTestData.java:73)
	at Suite1.TestcaseA2.testCaseA2(TestcaseA2.java:20)
... Removed 26 stack frames</div></td></tr></table><p class="totop"><a href="#summary">back to summary</a></p><h3 id="m3">Suite1.TestcaseA2#testCaseA2</h3><table class="result"><tr class="param"><th>Parameter #1</th></tr><tr class="param stripe"><td>{RunMode=N, TestData=SignUp5, Iteration=5.0, Browser=Chrome}</td></tr><tr><th>Exception</th></tr><tr><td><div class="stacktrace">org.testng.SkipException: Skipped : TestcaseA2 as the RunMode is set to No
	at utils.ReadTestData.checkExecution(ReadTestData.java:73)
	at Suite1.TestcaseA2.testCaseA2(TestcaseA2.java:20)
... Removed 26 stack frames</div></td></tr></table><p class="totop"><a href="#summary">back to summary</a></p><h3 id="m4">Suite1.TestcaseA2#testCaseA2</h3><table class="result"><tr class="param"><th>Parameter #1</th></tr><tr class="param stripe"><td>{RunMode=N, TestData=SignUp4, Iteration=4.0, Browser=Firefox}</td></tr><tr><th>Exception</th></tr><tr><td><div class="stacktrace">org.testng.SkipException: Skipped : TestcaseA2 as the RunMode is set to No
	at utils.ReadTestData.checkExecution(ReadTestData.java:73)
	at Suite1.TestcaseA2.testCaseA2(TestcaseA2.java:20)
... Removed 26 stack frames</div></td></tr></table><p class="totop"><a href="#summary">back to summary</a></p><h3 id="m5">Suite1.TestcaseA2#testCaseA2</h3><table class="result"><tr class="param"><th>Parameter #1</th></tr><tr class="param stripe"><td>{RunMode=Y, TestData=SignUp2, Iteration=2.0, Browser=Firefox}</td></tr><tr><th>Exception</th></tr><tr><td><div class="stacktrace">org.testng.SkipException: Skipped : TestcaseA2 as the RunMode is set to No
	at utils.ReadTestData.checkExecution(ReadTestData.java:73)
	at Suite1.TestcaseA2.testCaseA2(TestcaseA2.java:20)
... Removed 26 stack frames</div></td></tr></table><p class="totop"><a href="#summary">back to summary</a></p><h3 id="m6">Suite1.TestcaseA2#testCaseA2</h3><table class="result"><tr class="param"><th>Parameter #1</th></tr><tr class="param stripe"><td>{RunMode=Y, TestData=SignUp3, Iteration=3.0, Browser=Chrome}</td></tr><tr><th>Exception</th></tr><tr><td><div class="stacktrace">org.testng.SkipException: Skipped : TestcaseA2 as the RunMode is set to No
	at utils.ReadTestData.checkExecution(ReadTestData.java:73)
	at Suite1.TestcaseA2.testCaseA2(TestcaseA2.java:20)
... Removed 26 stack frames</div></td></tr></table><p class="totop"><a href="#summary">back to summary</a></p><h2>TestcaseA3</h2><h3 id="m7">Suite1.TestcaseA3#testCaseA3</h3><table class="result"><tr class="param"><th>Parameter #1</th></tr><tr class="param stripe"><td>{RunMode=N, TestData=UserReg2, Iteration=2.0, Browser=Firefox}</td></tr><tr><th>Exception</th></tr><tr><td><div class="stacktrace">org.testng.SkipException: Skipped this data row as the RunMode is set to No
	at utils.ReadTestData.checkExecution(ReadTestData.java:76)
	at Suite1.TestcaseA3.testCaseA3(TestcaseA3.java:19)
... Removed 26 stack frames</div></td></tr></table><p class="totop"><a href="#summary">back to summary</a></p><h3 id="m8">Suite1.TestcaseA3#testCaseA3</h3><table class="result"><tr class="param"><th>Parameter #1</th></tr><tr class="param stripe"><td>{RunMode=N, TestData=UserReg3, Iteration=3.0, Browser=Chrome}</td></tr><tr><th>Exception</th></tr><tr><td><div class="stacktrace">org.testng.SkipException: Skipped this data row as the RunMode is set to No
	at utils.ReadTestData.checkExecution(ReadTestData.java:76)
	at Suite1.TestcaseA3.testCaseA3(TestcaseA3.java:19)
... Removed 26 stack frames</div></td></tr></table><p class="totop"><a href="#summary">back to summary</a></p><h3 id="m9">Suite1.TestcaseA3#testCaseA3</h3><table class="result"><tr class="param"><th>Parameter #1</th></tr><tr class="param stripe"><td>{RunMode=Y, TestData=UserReg4, Iteration=4.0, Browser=Firefox}</td></tr></table><p class="totop"><a href="#summary">back to summary</a></p><h3 id="m10">Suite1.TestcaseA3#testCaseA3</h3><table class="result"><tr class="param"><th>Parameter #1</th></tr><tr class="param stripe"><td>{RunMode=Y, TestData=UserReg1, Iteration=1.0, Browser=Chrome}</td></tr></table><p class="totop"><a href="#summary">back to summary</a></p><h3 id="m11">Suite1.TestcaseA3#testCaseA3</h3><table class="result"><tr class="param"><th>Parameter #1</th></tr><tr class="param stripe"><td>{RunMode=Y, TestData=UserReg5, Iteration=5.0, Browser=Chrome}</td></tr></table><p class="totop"><a href="#summary">back to summary</a></p><h2>TestcaseB1</h2><h3 id="m12">Suite2.TestcaseB1#testCaseB1</h3><table class="result"><tr class="param"><th>Parameter #1</th></tr><tr class="param stripe"><td>{RunMode=Y, TestData=Login2, Iteration=2.0, UserName=asfg, Browser=Firefox}</td></tr></table><p class="totop"><a href="#summary">back to summary</a></p><h3 id="m13">Suite2.TestcaseB1#testCaseB1</h3><table class="result"><tr class="param"><th>Parameter #1</th></tr><tr class="param stripe"><td>{RunMode=Y, TestData=Login1, Iteration=1.0, UserName=asd, Browser=Chrome}</td></tr></table><p class="totop"><a href="#summary">back to summary</a></p><h2>TestcaseB2</h2><h3 id="m14">Suite2.TestcaseB2#testCaseB2</h3><table class="result"><tr class="param"><th>Parameter #1</th></tr><tr class="param stripe"><td>{RunMode=N, TestData=SignUp4, Iteration=4.0, Browser=Firefox}</td></tr><tr><th>Exception</th></tr><tr><td><div class="stacktrace">org.testng.SkipException: Skipped this data row as the RunMode is set to No
	at utils.ReadTestData.checkExecution(ReadTestData.java:76)
	at Suite2.TestcaseB2.testCaseB2(TestcaseB2.java:18)
... Removed 26 stack frames</div></td></tr></table><p class="totop"><a href="#summary">back to summary</a></p><h3 id="m15">Suite2.TestcaseB2#testCaseB2</h3><table class="result"><tr class="param"><th>Parameter #1</th></tr><tr class="param stripe"><td>{RunMode=N, TestData=SignUp5, Iteration=5.0, Browser=Chrome}</td></tr><tr><th>Exception</th></tr><tr><td><div class="stacktrace">org.testng.SkipException: Skipped this data row as the RunMode is set to No
	at utils.ReadTestData.checkExecution(ReadTestData.java:76)
	at Suite2.TestcaseB2.testCaseB2(TestcaseB2.java:18)
... Removed 26 stack frames</div></td></tr></table><p class="totop"><a href="#summary">back to summary</a></p><h3 id="m16">Suite2.TestcaseB2#testCaseB2</h3><table class="result"><tr class="param"><th>Parameter #1</th></tr><tr class="param stripe"><td>{RunMode=Y, TestData=SignUp2, Iteration=2.0, Browser=Firefox}</td></tr></table><p class="totop"><a href="#summary">back to summary</a></p><h3 id="m17">Suite2.TestcaseB2#testCaseB2</h3><table class="result"><tr class="param"><th>Parameter #1</th></tr><tr class="param stripe"><td>{RunMode=Y, TestData=SignUp3, Iteration=3.0, Browser=Chrome}</td></tr></table><p class="totop"><a href="#summary">back to summary</a></p><h3 id="m18">Suite2.TestcaseB2#testCaseB2</h3><table class="result"><tr class="param"><th>Parameter #1</th></tr><tr class="param stripe"><td>{RunMode=Y, TestData=SignUp1, Iteration=1.0, Browser=Chrome}</td></tr></table><p class="totop"><a href="#summary">back to summary</a></p><h2>TestcaseB3</h2><h3 id="m19">Suite2.TestcaseB3#testCaseB3</h3><table class="result"><tr class="param"><th>Parameter #1</th></tr><tr class="param stripe"><td>{RunMode=N, TestData=UserReg5, Iteration=5.0, Browser=Chrome}</td></tr><tr><th>Exception</th></tr><tr><td><div class="stacktrace">org.testng.SkipException: Skipped this data row as the RunMode is set to No
	at utils.ReadTestData.checkExecution(ReadTestData.java:76)
	at Suite2.TestcaseB3.testCaseB3(TestcaseB3.java:18)
... Removed 26 stack frames</div></td></tr></table><p class="totop"><a href="#summary">back to summary</a></p><h3 id="m20">Suite2.TestcaseB3#testCaseB3</h3><table class="result"><tr class="param"><th>Parameter #1</th></tr><tr class="param stripe"><td>{RunMode=N, TestData=UserReg4, Iteration=4.0, Browser=Firefox}</td></tr><tr><th>Exception</th></tr><tr><td><div class="stacktrace">org.testng.SkipException: Skipped this data row as the RunMode is set to No
	at utils.ReadTestData.checkExecution(ReadTestData.java:76)
	at Suite2.TestcaseB3.testCaseB3(TestcaseB3.java:18)
... Removed 26 stack frames</div></td></tr></table><p class="totop"><a href="#summary">back to summary</a></p><h3 id="m21">Suite2.TestcaseB3#testCaseB3</h3><table class="result"><tr class="param"><th>Parameter #1</th></tr><tr class="param stripe"><td>{RunMode=Y, TestData=UserReg3, Iteration=3.0, Browser=Chrome}</td></tr></table><p class="totop"><a href="#summary">back to summary</a></p><h3 id="m22">Suite2.TestcaseB3#testCaseB3</h3><table class="result"><tr class="param"><th>Parameter #1</th></tr><tr class="param stripe"><td>{RunMode=Y, TestData=UserReg1, Iteration=1.0, Browser=Chrome}</td></tr></table><p class="totop"><a href="#summary">back to summary</a></p><h3 id="m23">Suite2.TestcaseB3#testCaseB3</h3><table class="result"><tr class="param"><th>Parameter #1</th></tr><tr class="param stripe"><td>{RunMode=Y, TestData=UserReg2, Iteration=2.0, Browser=Firefox}</td></tr></table><p class="totop"><a href="#summary">back to summary</a></p></body></html>