<?xml version="1.0" encoding="UTF-8"?>
<testng-results skipped="11" failed="0" ignored="0" total="24" passed="13">
  <reporter-output>
  </reporter-output>
  <suite name="Suite1" duration-ms="1295" started-at="2017-03-22T10:02:48Z" finished-at="2017-03-22T10:02:49Z">
    <groups>
    </groups>
    <test name="TestcaseA1" duration-ms="687" started-at="2017-03-22T10:02:48Z" finished-at="2017-03-22T10:02:49Z">
      <class name="Suite1.TestcaseA1">
        <test-method status="PASS" signature="testCaseA1(java.util.Hashtable)[pri:0, instance:Suite1.TestcaseA1@457e2f02]" name="testCaseA1" duration-ms="109" started-at="2017-03-22T15:32:49Z" data-provider="getDataSuite1" finished-at="2017-03-22T15:32:49Z">
          <params>
            <param index="0">
              <value>
                <![CDATA[{RunMode=Y, TestData=Login1, Iteration=1.0, UserName=asd, Browser=Chrome}]]>
              </value>
            </param>
          </params>
          <reporter-output>
          </reporter-output>
        </test-method> <!-- testCaseA1 -->
        <test-method status="PASS" signature="testCaseA1(java.util.Hashtable)[pri:0, instance:Suite1.TestcaseA1@457e2f02]" name="testCaseA1" duration-ms="63" started-at="2017-03-22T15:32:49Z" data-provider="getDataSuite1" finished-at="2017-03-22T15:32:49Z">
          <params>
            <param index="0">
              <value>
                <![CDATA[{RunMode=Y, TestData=Login2, Iteration=2.0, UserName=asfg, Browser=Firefox}]]>
              </value>
            </param>
          </params>
          <reporter-output>
          </reporter-output>
        </test-method> <!-- testCaseA1 -->
      </class> <!-- Suite1.TestcaseA1 -->
    </test> <!-- TestcaseA1 -->
    <test name="TestcaseA2" duration-ms="328" started-at="2017-03-22T10:02:49Z" finished-at="2017-03-22T10:02:49Z">
      <class name="Suite1.TestcaseA2">
        <test-method status="SKIP" signature="testCaseA2(java.util.Hashtable)[pri:0, instance:Suite1.TestcaseA2@27efef64]" name="testCaseA2" duration-ms="46" started-at="2017-03-22T15:32:49Z" data-provider="getDataSuite1" finished-at="2017-03-22T15:32:49Z">
          <params>
            <param index="0">
              <value>
                <![CDATA[{RunMode=Y, TestData=SignUp1, Iteration=1.0, Browser=Chrome}]]>
              </value>
            </param>
          </params>
          <exception class="org.testng.SkipException">
            <message>
              <![CDATA[Skipped : TestcaseA2 as the RunMode is set to No]]>
            </message>
            <full-stacktrace>
              <![CDATA[org.testng.SkipException: Skipped : TestcaseA2 as the RunMode is set to No
	at utils.ReadTestData.checkExecution(ReadTestData.java:73)
	at Suite1.TestcaseA2.testCaseA2(TestcaseA2.java:20)
	at sun.reflect.NativeMethodAccessorImpl.invoke0(Native Method)
	at sun.reflect.NativeMethodAccessorImpl.invoke(Unknown Source)
	at sun.reflect.DelegatingMethodAccessorImpl.invoke(Unknown Source)
	at java.lang.reflect.Method.invoke(Unknown Source)
	at org.testng.internal.MethodInvocationHelper.invokeMethod(MethodInvocationHelper.java:108)
	at org.testng.internal.Invoker.invokeMethod(Invoker.java:661)
	at org.testng.internal.Invoker.invokeTestMethod(Invoker.java:869)
	at org.testng.internal.Invoker.invokeTestMethods(Invoker.java:1193)
	at org.testng.internal.TestMethodWorker.invokeTestMethods(TestMethodWorker.java:126)
	at org.testng.internal.TestMethodWorker.run(TestMethodWorker.java:109)
	at org.testng.TestRunner.privateRun(TestRunner.java:744)
	at org.testng.TestRunner.run(TestRunner.java:602)
	at org.testng.SuiteRunner.runTest(SuiteRunner.java:380)
	at org.testng.SuiteRunner.runSequentially(SuiteRunner.java:375)
	at org.testng.SuiteRunner.privateRun(SuiteRunner.java:340)
	at org.testng.SuiteRunner.run(SuiteRunner.java:289)
	at org.testng.SuiteRunnerWorker.runSuite(SuiteRunnerWorker.java:52)
	at org.testng.SuiteRunnerWorker.run(SuiteRunnerWorker.java:86)
	at org.testng.TestNG.runSuitesSequentially(TestNG.java:1301)
	at org.testng.TestNG.runSuitesSequentially(TestNG.java:1297)
	at org.testng.TestNG.runSuitesLocally(TestNG.java:1226)
	at org.testng.TestNG.runSuites(TestNG.java:1144)
	at org.testng.TestNG.run(TestNG.java:1115)
	at org.testng.remote.AbstractRemoteTestNG.run(AbstractRemoteTestNG.java:132)
	at org.testng.remote.RemoteTestNG.initAndRun(RemoteTestNG.java:236)
	at org.testng.remote.RemoteTestNG.main(RemoteTestNG.java:81)
]]>
            </full-stacktrace>
          </exception> <!-- org.testng.SkipException -->
          <reporter-output>
          </reporter-output>
        </test-method> <!-- testCaseA2 -->
        <test-method status="SKIP" signature="testCaseA2(java.util.Hashtable)[pri:0, instance:Suite1.TestcaseA2@27efef64]" name="testCaseA2" duration-ms="63" started-at="2017-03-22T15:32:49Z" data-provider="getDataSuite1" finished-at="2017-03-22T15:32:49Z">
          <params>
            <param index="0">
              <value>
                <![CDATA[{RunMode=Y, TestData=SignUp2, Iteration=2.0, Browser=Firefox}]]>
              </value>
            </param>
          </params>
          <exception class="org.testng.SkipException">
            <message>
              <![CDATA[Skipped : TestcaseA2 as the RunMode is set to No]]>
            </message>
            <full-stacktrace>
              <![CDATA[org.testng.SkipException: Skipped : TestcaseA2 as the RunMode is set to No
	at utils.ReadTestData.checkExecution(ReadTestData.java:73)
	at Suite1.TestcaseA2.testCaseA2(TestcaseA2.java:20)
	at sun.reflect.NativeMethodAccessorImpl.invoke0(Native Method)
	at sun.reflect.NativeMethodAccessorImpl.invoke(Unknown Source)
	at sun.reflect.DelegatingMethodAccessorImpl.invoke(Unknown Source)
	at java.lang.reflect.Method.invoke(Unknown Source)
	at org.testng.internal.MethodInvocationHelper.invokeMethod(MethodInvocationHelper.java:108)
	at org.testng.internal.Invoker.invokeMethod(Invoker.java:661)
	at org.testng.internal.Invoker.invokeTestMethod(Invoker.java:869)
	at org.testng.internal.Invoker.invokeTestMethods(Invoker.java:1193)
	at org.testng.internal.TestMethodWorker.invokeTestMethods(TestMethodWorker.java:126)
	at org.testng.internal.TestMethodWorker.run(TestMethodWorker.java:109)
	at org.testng.TestRunner.privateRun(TestRunner.java:744)
	at org.testng.TestRunner.run(TestRunner.java:602)
	at org.testng.SuiteRunner.runTest(SuiteRunner.java:380)
	at org.testng.SuiteRunner.runSequentially(SuiteRunner.java:375)
	at org.testng.SuiteRunner.privateRun(SuiteRunner.java:340)
	at org.testng.SuiteRunner.run(SuiteRunner.java:289)
	at org.testng.SuiteRunnerWorker.runSuite(SuiteRunnerWorker.java:52)
	at org.testng.SuiteRunnerWorker.run(SuiteRunnerWorker.java:86)
	at org.testng.TestNG.runSuitesSequentially(TestNG.java:1301)
	at org.testng.TestNG.runSuitesSequentially(TestNG.java:1297)
	at org.testng.TestNG.runSuitesLocally(TestNG.java:1226)
	at org.testng.TestNG.runSuites(TestNG.java:1144)
	at org.testng.TestNG.run(TestNG.java:1115)
	at org.testng.remote.AbstractRemoteTestNG.run(AbstractRemoteTestNG.java:132)
	at org.testng.remote.RemoteTestNG.initAndRun(RemoteTestNG.java:236)
	at org.testng.remote.RemoteTestNG.main(RemoteTestNG.java:81)
]]>
            </full-stacktrace>
          </exception> <!-- org.testng.SkipException -->
          <reporter-output>
          </reporter-output>
        </test-method> <!-- testCaseA2 -->
        <test-method status="SKIP" signature="testCaseA2(java.util.Hashtable)[pri:0, instance:Suite1.TestcaseA2@27efef64]" name="testCaseA2" duration-ms="47" started-at="2017-03-22T15:32:49Z" data-provider="getDataSuite1" finished-at="2017-03-22T15:32:49Z">
          <params>
            <param index="0">
              <value>
                <![CDATA[{RunMode=Y, TestData=SignUp3, Iteration=3.0, Browser=Chrome}]]>
              </value>
            </param>
          </params>
          <exception class="org.testng.SkipException">
            <message>
              <![CDATA[Skipped : TestcaseA2 as the RunMode is set to No]]>
            </message>
            <full-stacktrace>
              <![CDATA[org.testng.SkipException: Skipped : TestcaseA2 as the RunMode is set to No
	at utils.ReadTestData.checkExecution(ReadTestData.java:73)
	at Suite1.TestcaseA2.testCaseA2(TestcaseA2.java:20)
	at sun.reflect.NativeMethodAccessorImpl.invoke0(Native Method)
	at sun.reflect.NativeMethodAccessorImpl.invoke(Unknown Source)
	at sun.reflect.DelegatingMethodAccessorImpl.invoke(Unknown Source)
	at java.lang.reflect.Method.invoke(Unknown Source)
	at org.testng.internal.MethodInvocationHelper.invokeMethod(MethodInvocationHelper.java:108)
	at org.testng.internal.Invoker.invokeMethod(Invoker.java:661)
	at org.testng.internal.Invoker.invokeTestMethod(Invoker.java:869)
	at org.testng.internal.Invoker.invokeTestMethods(Invoker.java:1193)
	at org.testng.internal.TestMethodWorker.invokeTestMethods(TestMethodWorker.java:126)
	at org.testng.internal.TestMethodWorker.run(TestMethodWorker.java:109)
	at org.testng.TestRunner.privateRun(TestRunner.java:744)
	at org.testng.TestRunner.run(TestRunner.java:602)
	at org.testng.SuiteRunner.runTest(SuiteRunner.java:380)
	at org.testng.SuiteRunner.runSequentially(SuiteRunner.java:375)
	at org.testng.SuiteRunner.privateRun(SuiteRunner.java:340)
	at org.testng.SuiteRunner.run(SuiteRunner.java:289)
	at org.testng.SuiteRunnerWorker.runSuite(SuiteRunnerWorker.java:52)
	at org.testng.SuiteRunnerWorker.run(SuiteRunnerWorker.java:86)
	at org.testng.TestNG.runSuitesSequentially(TestNG.java:1301)
	at org.testng.TestNG.runSuitesSequentially(TestNG.java:1297)
	at org.testng.TestNG.runSuitesLocally(TestNG.java:1226)
	at org.testng.TestNG.runSuites(TestNG.java:1144)
	at org.testng.TestNG.run(TestNG.java:1115)
	at org.testng.remote.AbstractRemoteTestNG.run(AbstractRemoteTestNG.java:132)
	at org.testng.remote.RemoteTestNG.initAndRun(RemoteTestNG.java:236)
	at org.testng.remote.RemoteTestNG.main(RemoteTestNG.java:81)
]]>
            </full-stacktrace>
          </exception> <!-- org.testng.SkipException -->
          <reporter-output>
          </reporter-output>
        </test-method> <!-- testCaseA2 -->
        <test-method status="SKIP" signature="testCaseA2(java.util.Hashtable)[pri:0, instance:Suite1.TestcaseA2@27efef64]" name="testCaseA2" duration-ms="62" started-at="2017-03-22T15:32:49Z" data-provider="getDataSuite1" finished-at="2017-03-22T15:32:49Z">
          <params>
            <param index="0">
              <value>
                <![CDATA[{RunMode=N, TestData=SignUp4, Iteration=4.0, Browser=Firefox}]]>
              </value>
            </param>
          </params>
          <exception class="org.testng.SkipException">
            <message>
              <![CDATA[Skipped : TestcaseA2 as the RunMode is set to No]]>
            </message>
            <full-stacktrace>
              <![CDATA[org.testng.SkipException: Skipped : TestcaseA2 as the RunMode is set to No
	at utils.ReadTestData.checkExecution(ReadTestData.java:73)
	at Suite1.TestcaseA2.testCaseA2(TestcaseA2.java:20)
	at sun.reflect.NativeMethodAccessorImpl.invoke0(Native Method)
	at sun.reflect.NativeMethodAccessorImpl.invoke(Unknown Source)
	at sun.reflect.DelegatingMethodAccessorImpl.invoke(Unknown Source)
	at java.lang.reflect.Method.invoke(Unknown Source)
	at org.testng.internal.MethodInvocationHelper.invokeMethod(MethodInvocationHelper.java:108)
	at org.testng.internal.Invoker.invokeMethod(Invoker.java:661)
	at org.testng.internal.Invoker.invokeTestMethod(Invoker.java:869)
	at org.testng.internal.Invoker.invokeTestMethods(Invoker.java:1193)
	at org.testng.internal.TestMethodWorker.invokeTestMethods(TestMethodWorker.java:126)
	at org.testng.internal.TestMethodWorker.run(TestMethodWorker.java:109)
	at org.testng.TestRunner.privateRun(TestRunner.java:744)
	at org.testng.TestRunner.run(TestRunner.java:602)
	at org.testng.SuiteRunner.runTest(SuiteRunner.java:380)
	at org.testng.SuiteRunner.runSequentially(SuiteRunner.java:375)
	at org.testng.SuiteRunner.privateRun(SuiteRunner.java:340)
	at org.testng.SuiteRunner.run(SuiteRunner.java:289)
	at org.testng.SuiteRunnerWorker.runSuite(SuiteRunnerWorker.java:52)
	at org.testng.SuiteRunnerWorker.run(SuiteRunnerWorker.java:86)
	at org.testng.TestNG.runSuitesSequentially(TestNG.java:1301)
	at org.testng.TestNG.runSuitesSequentially(TestNG.java:1297)
	at org.testng.TestNG.runSuitesLocally(TestNG.java:1226)
	at org.testng.TestNG.runSuites(TestNG.java:1144)
	at org.testng.TestNG.run(TestNG.java:1115)
	at org.testng.remote.AbstractRemoteTestNG.run(AbstractRemoteTestNG.java:132)
	at org.testng.remote.RemoteTestNG.initAndRun(RemoteTestNG.java:236)
	at org.testng.remote.RemoteTestNG.main(RemoteTestNG.java:81)
]]>
            </full-stacktrace>
          </exception> <!-- org.testng.SkipException -->
          <reporter-output>
          </reporter-output>
        </test-method> <!-- testCaseA2 -->
        <test-method status="SKIP" signature="testCaseA2(java.util.Hashtable)[pri:0, instance:Suite1.TestcaseA2@27efef64]" name="testCaseA2" duration-ms="47" started-at="2017-03-22T15:32:49Z" data-provider="getDataSuite1" finished-at="2017-03-22T15:32:49Z">
          <params>
            <param index="0">
              <value>
                <![CDATA[{RunMode=N, TestData=SignUp5, Iteration=5.0, Browser=Chrome}]]>
              </value>
            </param>
          </params>
          <exception class="org.testng.SkipException">
            <message>
              <![CDATA[Skipped : TestcaseA2 as the RunMode is set to No]]>
            </message>
            <full-stacktrace>
              <![CDATA[org.testng.SkipException: Skipped : TestcaseA2 as the RunMode is set to No
	at utils.ReadTestData.checkExecution(ReadTestData.java:73)
	at Suite1.TestcaseA2.testCaseA2(TestcaseA2.java:20)
	at sun.reflect.NativeMethodAccessorImpl.invoke0(Native Method)
	at sun.reflect.NativeMethodAccessorImpl.invoke(Unknown Source)
	at sun.reflect.DelegatingMethodAccessorImpl.invoke(Unknown Source)
	at java.lang.reflect.Method.invoke(Unknown Source)
	at org.testng.internal.MethodInvocationHelper.invokeMethod(MethodInvocationHelper.java:108)
	at org.testng.internal.Invoker.invokeMethod(Invoker.java:661)
	at org.testng.internal.Invoker.invokeTestMethod(Invoker.java:869)
	at org.testng.internal.Invoker.invokeTestMethods(Invoker.java:1193)
	at org.testng.internal.TestMethodWorker.invokeTestMethods(TestMethodWorker.java:126)
	at org.testng.internal.TestMethodWorker.run(TestMethodWorker.java:109)
	at org.testng.TestRunner.privateRun(TestRunner.java:744)
	at org.testng.TestRunner.run(TestRunner.java:602)
	at org.testng.SuiteRunner.runTest(SuiteRunner.java:380)
	at org.testng.SuiteRunner.runSequentially(SuiteRunner.java:375)
	at org.testng.SuiteRunner.privateRun(SuiteRunner.java:340)
	at org.testng.SuiteRunner.run(SuiteRunner.java:289)
	at org.testng.SuiteRunnerWorker.runSuite(SuiteRunnerWorker.java:52)
	at org.testng.SuiteRunnerWorker.run(SuiteRunnerWorker.java:86)
	at org.testng.TestNG.runSuitesSequentially(TestNG.java:1301)
	at org.testng.TestNG.runSuitesSequentially(TestNG.java:1297)
	at org.testng.TestNG.runSuitesLocally(TestNG.java:1226)
	at org.testng.TestNG.runSuites(TestNG.java:1144)
	at org.testng.TestNG.run(TestNG.java:1115)
	at org.testng.remote.AbstractRemoteTestNG.run(AbstractRemoteTestNG.java:132)
	at org.testng.remote.RemoteTestNG.initAndRun(RemoteTestNG.java:236)
	at org.testng.remote.RemoteTestNG.main(RemoteTestNG.java:81)
]]>
            </full-stacktrace>
          </exception> <!-- org.testng.SkipException -->
          <reporter-output>
          </reporter-output>
        </test-method> <!-- testCaseA2 -->
      </class> <!-- Suite1.TestcaseA2 -->
    </test> <!-- TestcaseA2 -->
    <test name="TestcaseA3" duration-ms="234" started-at="2017-03-22T10:02:49Z" finished-at="2017-03-22T10:02:49Z">
      <class name="Suite1.TestcaseA3">
        <test-method status="PASS" signature="testCaseA3(java.util.Hashtable)[pri:0, instance:Suite1.TestcaseA3@3bfdc050]" name="testCaseA3" duration-ms="31" started-at="2017-03-22T15:32:49Z" data-provider="getDataSuite1" finished-at="2017-03-22T15:32:49Z">
          <params>
            <param index="0">
              <value>
                <![CDATA[{RunMode=Y, TestData=UserReg1, Iteration=1.0, Browser=Chrome}]]>
              </value>
            </param>
          </params>
          <reporter-output>
          </reporter-output>
        </test-method> <!-- testCaseA3 -->
        <test-method status="SKIP" signature="testCaseA3(java.util.Hashtable)[pri:0, instance:Suite1.TestcaseA3@3bfdc050]" name="testCaseA3" duration-ms="47" started-at="2017-03-22T15:32:49Z" data-provider="getDataSuite1" finished-at="2017-03-22T15:32:49Z">
          <params>
            <param index="0">
              <value>
                <![CDATA[{RunMode=N, TestData=UserReg2, Iteration=2.0, Browser=Firefox}]]>
              </value>
            </param>
          </params>
          <exception class="org.testng.SkipException">
            <message>
              <![CDATA[Skipped this data row as the RunMode is set to No]]>
            </message>
            <full-stacktrace>
              <![CDATA[org.testng.SkipException: Skipped this data row as the RunMode is set to No
	at utils.ReadTestData.checkExecution(ReadTestData.java:76)
	at Suite1.TestcaseA3.testCaseA3(TestcaseA3.java:19)
	at sun.reflect.NativeMethodAccessorImpl.invoke0(Native Method)
	at sun.reflect.NativeMethodAccessorImpl.invoke(Unknown Source)
	at sun.reflect.DelegatingMethodAccessorImpl.invoke(Unknown Source)
	at java.lang.reflect.Method.invoke(Unknown Source)
	at org.testng.internal.MethodInvocationHelper.invokeMethod(MethodInvocationHelper.java:108)
	at org.testng.internal.Invoker.invokeMethod(Invoker.java:661)
	at org.testng.internal.Invoker.invokeTestMethod(Invoker.java:869)
	at org.testng.internal.Invoker.invokeTestMethods(Invoker.java:1193)
	at org.testng.internal.TestMethodWorker.invokeTestMethods(TestMethodWorker.java:126)
	at org.testng.internal.TestMethodWorker.run(TestMethodWorker.java:109)
	at org.testng.TestRunner.privateRun(TestRunner.java:744)
	at org.testng.TestRunner.run(TestRunner.java:602)
	at org.testng.SuiteRunner.runTest(SuiteRunner.java:380)
	at org.testng.SuiteRunner.runSequentially(SuiteRunner.java:375)
	at org.testng.SuiteRunner.privateRun(SuiteRunner.java:340)
	at org.testng.SuiteRunner.run(SuiteRunner.java:289)
	at org.testng.SuiteRunnerWorker.runSuite(SuiteRunnerWorker.java:52)
	at org.testng.SuiteRunnerWorker.run(SuiteRunnerWorker.java:86)
	at org.testng.TestNG.runSuitesSequentially(TestNG.java:1301)
	at org.testng.TestNG.runSuitesSequentially(TestNG.java:1297)
	at org.testng.TestNG.runSuitesLocally(TestNG.java:1226)
	at org.testng.TestNG.runSuites(TestNG.java:1144)
	at org.testng.TestNG.run(TestNG.java:1115)
	at org.testng.remote.AbstractRemoteTestNG.run(AbstractRemoteTestNG.java:132)
	at org.testng.remote.RemoteTestNG.initAndRun(RemoteTestNG.java:236)
	at org.testng.remote.RemoteTestNG.main(RemoteTestNG.java:81)
]]>
            </full-stacktrace>
          </exception> <!-- org.testng.SkipException -->
          <reporter-output>
          </reporter-output>
        </test-method> <!-- testCaseA3 -->
        <test-method status="SKIP" signature="testCaseA3(java.util.Hashtable)[pri:0, instance:Suite1.TestcaseA3@3bfdc050]" name="testCaseA3" duration-ms="31" started-at="2017-03-22T15:32:49Z" data-provider="getDataSuite1" finished-at="2017-03-22T15:32:49Z">
          <params>
            <param index="0">
              <value>
                <![CDATA[{RunMode=N, TestData=UserReg3, Iteration=3.0, Browser=Chrome}]]>
              </value>
            </param>
          </params>
          <exception class="org.testng.SkipException">
            <message>
              <![CDATA[Skipped this data row as the RunMode is set to No]]>
            </message>
            <full-stacktrace>
              <![CDATA[org.testng.SkipException: Skipped this data row as the RunMode is set to No
	at utils.ReadTestData.checkExecution(ReadTestData.java:76)
	at Suite1.TestcaseA3.testCaseA3(TestcaseA3.java:19)
	at sun.reflect.NativeMethodAccessorImpl.invoke0(Native Method)
	at sun.reflect.NativeMethodAccessorImpl.invoke(Unknown Source)
	at sun.reflect.DelegatingMethodAccessorImpl.invoke(Unknown Source)
	at java.lang.reflect.Method.invoke(Unknown Source)
	at org.testng.internal.MethodInvocationHelper.invokeMethod(MethodInvocationHelper.java:108)
	at org.testng.internal.Invoker.invokeMethod(Invoker.java:661)
	at org.testng.internal.Invoker.invokeTestMethod(Invoker.java:869)
	at org.testng.internal.Invoker.invokeTestMethods(Invoker.java:1193)
	at org.testng.internal.TestMethodWorker.invokeTestMethods(TestMethodWorker.java:126)
	at org.testng.internal.TestMethodWorker.run(TestMethodWorker.java:109)
	at org.testng.TestRunner.privateRun(TestRunner.java:744)
	at org.testng.TestRunner.run(TestRunner.java:602)
	at org.testng.SuiteRunner.runTest(SuiteRunner.java:380)
	at org.testng.SuiteRunner.runSequentially(SuiteRunner.java:375)
	at org.testng.SuiteRunner.privateRun(SuiteRunner.java:340)
	at org.testng.SuiteRunner.run(SuiteRunner.java:289)
	at org.testng.SuiteRunnerWorker.runSuite(SuiteRunnerWorker.java:52)
	at org.testng.SuiteRunnerWorker.run(SuiteRunnerWorker.java:86)
	at org.testng.TestNG.runSuitesSequentially(TestNG.java:1301)
	at org.testng.TestNG.runSuitesSequentially(TestNG.java:1297)
	at org.testng.TestNG.runSuitesLocally(TestNG.java:1226)
	at org.testng.TestNG.runSuites(TestNG.java:1144)
	at org.testng.TestNG.run(TestNG.java:1115)
	at org.testng.remote.AbstractRemoteTestNG.run(AbstractRemoteTestNG.java:132)
	at org.testng.remote.RemoteTestNG.initAndRun(RemoteTestNG.java:236)
	at org.testng.remote.RemoteTestNG.main(RemoteTestNG.java:81)
]]>
            </full-stacktrace>
          </exception> <!-- org.testng.SkipException -->
          <reporter-output>
          </reporter-output>
        </test-method> <!-- testCaseA3 -->
        <test-method status="PASS" signature="testCaseA3(java.util.Hashtable)[pri:0, instance:Suite1.TestcaseA3@3bfdc050]" name="testCaseA3" duration-ms="47" started-at="2017-03-22T15:32:49Z" data-provider="getDataSuite1" finished-at="2017-03-22T15:32:49Z">
          <params>
            <param index="0">
              <value>
                <![CDATA[{RunMode=Y, TestData=UserReg4, Iteration=4.0, Browser=Firefox}]]>
              </value>
            </param>
          </params>
          <reporter-output>
          </reporter-output>
        </test-method> <!-- testCaseA3 -->
        <test-method status="PASS" signature="testCaseA3(java.util.Hashtable)[pri:0, instance:Suite1.TestcaseA3@3bfdc050]" name="testCaseA3" duration-ms="31" started-at="2017-03-22T15:32:49Z" data-provider="getDataSuite1" finished-at="2017-03-22T15:32:49Z">
          <params>
            <param index="0">
              <value>
                <![CDATA[{RunMode=Y, TestData=UserReg5, Iteration=5.0, Browser=Chrome}]]>
              </value>
            </param>
          </params>
          <reporter-output>
          </reporter-output>
        </test-method> <!-- testCaseA3 -->
      </class> <!-- Suite1.TestcaseA3 -->
    </test> <!-- TestcaseA3 -->
  </suite> <!-- Suite1 -->
  <suite name="Suite2" duration-ms="516" started-at="2017-03-22T10:02:49Z" finished-at="2017-03-22T10:02:50Z">
    <groups>
    </groups>
    <test name="TestcaseB1" duration-ms="93" started-at="2017-03-22T10:02:49Z" finished-at="2017-03-22T10:02:49Z">
      <class name="Suite2.TestcaseB1">
        <test-method status="PASS" signature="testCaseB1(java.util.Hashtable)[pri:0, instance:Suite2.TestcaseB1@6a41eaa2]" name="testCaseB1" duration-ms="31" started-at="2017-03-22T15:32:49Z" data-provider="getDataSuite2" finished-at="2017-03-22T15:32:49Z">
          <params>
            <param index="0">
              <value>
                <![CDATA[{RunMode=Y, TestData=Login1, Iteration=1.0, UserName=asd, Browser=Chrome}]]>
              </value>
            </param>
          </params>
          <reporter-output>
          </reporter-output>
        </test-method> <!-- testCaseB1 -->
        <test-method status="PASS" signature="testCaseB1(java.util.Hashtable)[pri:0, instance:Suite2.TestcaseB1@6a41eaa2]" name="testCaseB1" duration-ms="31" started-at="2017-03-22T15:32:49Z" data-provider="getDataSuite2" finished-at="2017-03-22T15:32:49Z">
          <params>
            <param index="0">
              <value>
                <![CDATA[{RunMode=Y, TestData=Login2, Iteration=2.0, UserName=asfg, Browser=Firefox}]]>
              </value>
            </param>
          </params>
          <reporter-output>
          </reporter-output>
        </test-method> <!-- testCaseB1 -->
      </class> <!-- Suite2.TestcaseB1 -->
    </test> <!-- TestcaseB1 -->
    <test name="TestcaseB2" duration-ms="216" started-at="2017-03-22T10:02:50Z" finished-at="2017-03-22T10:02:50Z">
      <class name="Suite2.TestcaseB2">
        <test-method status="PASS" signature="testCaseB2(java.util.Hashtable)[pri:0, instance:Suite2.TestcaseB2@42e26948]" name="testCaseB2" duration-ms="47" started-at="2017-03-22T15:32:50Z" data-provider="getDataSuite2" finished-at="2017-03-22T15:32:50Z">
          <params>
            <param index="0">
              <value>
                <![CDATA[{RunMode=Y, TestData=SignUp1, Iteration=1.0, Browser=Chrome}]]>
              </value>
            </param>
          </params>
          <reporter-output>
          </reporter-output>
        </test-method> <!-- testCaseB2 -->
        <test-method status="PASS" signature="testCaseB2(java.util.Hashtable)[pri:0, instance:Suite2.TestcaseB2@42e26948]" name="testCaseB2" duration-ms="32" started-at="2017-03-22T15:32:50Z" data-provider="getDataSuite2" finished-at="2017-03-22T15:32:50Z">
          <params>
            <param index="0">
              <value>
                <![CDATA[{RunMode=Y, TestData=SignUp2, Iteration=2.0, Browser=Firefox}]]>
              </value>
            </param>
          </params>
          <reporter-output>
          </reporter-output>
        </test-method> <!-- testCaseB2 -->
        <test-method status="PASS" signature="testCaseB2(java.util.Hashtable)[pri:0, instance:Suite2.TestcaseB2@42e26948]" name="testCaseB2" duration-ms="31" started-at="2017-03-22T15:32:50Z" data-provider="getDataSuite2" finished-at="2017-03-22T15:32:50Z">
          <params>
            <param index="0">
              <value>
                <![CDATA[{RunMode=Y, TestData=SignUp3, Iteration=3.0, Browser=Chrome}]]>
              </value>
            </param>
          </params>
          <reporter-output>
          </reporter-output>
        </test-method> <!-- testCaseB2 -->
        <test-method status="SKIP" signature="testCaseB2(java.util.Hashtable)[pri:0, instance:Suite2.TestcaseB2@42e26948]" name="testCaseB2" duration-ms="16" started-at="2017-03-22T15:32:50Z" data-provider="getDataSuite2" finished-at="2017-03-22T15:32:50Z">
          <params>
            <param index="0">
              <value>
                <![CDATA[{RunMode=N, TestData=SignUp4, Iteration=4.0, Browser=Firefox}]]>
              </value>
            </param>
          </params>
          <exception class="org.testng.SkipException">
            <message>
              <![CDATA[Skipped this data row as the RunMode is set to No]]>
            </message>
            <full-stacktrace>
              <![CDATA[org.testng.SkipException: Skipped this data row as the RunMode is set to No
	at utils.ReadTestData.checkExecution(ReadTestData.java:76)
	at Suite2.TestcaseB2.testCaseB2(TestcaseB2.java:18)
	at sun.reflect.NativeMethodAccessorImpl.invoke0(Native Method)
	at sun.reflect.NativeMethodAccessorImpl.invoke(Unknown Source)
	at sun.reflect.DelegatingMethodAccessorImpl.invoke(Unknown Source)
	at java.lang.reflect.Method.invoke(Unknown Source)
	at org.testng.internal.MethodInvocationHelper.invokeMethod(MethodInvocationHelper.java:108)
	at org.testng.internal.Invoker.invokeMethod(Invoker.java:661)
	at org.testng.internal.Invoker.invokeTestMethod(Invoker.java:869)
	at org.testng.internal.Invoker.invokeTestMethods(Invoker.java:1193)
	at org.testng.internal.TestMethodWorker.invokeTestMethods(TestMethodWorker.java:126)
	at org.testng.internal.TestMethodWorker.run(TestMethodWorker.java:109)
	at org.testng.TestRunner.privateRun(TestRunner.java:744)
	at org.testng.TestRunner.run(TestRunner.java:602)
	at org.testng.SuiteRunner.runTest(SuiteRunner.java:380)
	at org.testng.SuiteRunner.runSequentially(SuiteRunner.java:375)
	at org.testng.SuiteRunner.privateRun(SuiteRunner.java:340)
	at org.testng.SuiteRunner.run(SuiteRunner.java:289)
	at org.testng.SuiteRunnerWorker.runSuite(SuiteRunnerWorker.java:52)
	at org.testng.SuiteRunnerWorker.run(SuiteRunnerWorker.java:86)
	at org.testng.TestNG.runSuitesSequentially(TestNG.java:1301)
	at org.testng.TestNG.runSuitesSequentially(TestNG.java:1297)
	at org.testng.TestNG.runSuitesLocally(TestNG.java:1226)
	at org.testng.TestNG.runSuites(TestNG.java:1144)
	at org.testng.TestNG.run(TestNG.java:1115)
	at org.testng.remote.AbstractRemoteTestNG.run(AbstractRemoteTestNG.java:132)
	at org.testng.remote.RemoteTestNG.initAndRun(RemoteTestNG.java:236)
	at org.testng.remote.RemoteTestNG.main(RemoteTestNG.java:81)
]]>
            </full-stacktrace>
          </exception> <!-- org.testng.SkipException -->
          <reporter-output>
          </reporter-output>
        </test-method> <!-- testCaseB2 -->
        <test-method status="SKIP" signature="testCaseB2(java.util.Hashtable)[pri:0, instance:Suite2.TestcaseB2@42e26948]" name="testCaseB2" duration-ms="32" started-at="2017-03-22T15:32:50Z" data-provider="getDataSuite2" finished-at="2017-03-22T15:32:50Z">
          <params>
            <param index="0">
              <value>
                <![CDATA[{RunMode=N, TestData=SignUp5, Iteration=5.0, Browser=Chrome}]]>
              </value>
            </param>
          </params>
          <exception class="org.testng.SkipException">
            <message>
              <![CDATA[Skipped this data row as the RunMode is set to No]]>
            </message>
            <full-stacktrace>
              <![CDATA[org.testng.SkipException: Skipped this data row as the RunMode is set to No
	at utils.ReadTestData.checkExecution(ReadTestData.java:76)
	at Suite2.TestcaseB2.testCaseB2(TestcaseB2.java:18)
	at sun.reflect.NativeMethodAccessorImpl.invoke0(Native Method)
	at sun.reflect.NativeMethodAccessorImpl.invoke(Unknown Source)
	at sun.reflect.DelegatingMethodAccessorImpl.invoke(Unknown Source)
	at java.lang.reflect.Method.invoke(Unknown Source)
	at org.testng.internal.MethodInvocationHelper.invokeMethod(MethodInvocationHelper.java:108)
	at org.testng.internal.Invoker.invokeMethod(Invoker.java:661)
	at org.testng.internal.Invoker.invokeTestMethod(Invoker.java:869)
	at org.testng.internal.Invoker.invokeTestMethods(Invoker.java:1193)
	at org.testng.internal.TestMethodWorker.invokeTestMethods(TestMethodWorker.java:126)
	at org.testng.internal.TestMethodWorker.run(TestMethodWorker.java:109)
	at org.testng.TestRunner.privateRun(TestRunner.java:744)
	at org.testng.TestRunner.run(TestRunner.java:602)
	at org.testng.SuiteRunner.runTest(SuiteRunner.java:380)
	at org.testng.SuiteRunner.runSequentially(SuiteRunner.java:375)
	at org.testng.SuiteRunner.privateRun(SuiteRunner.java:340)
	at org.testng.SuiteRunner.run(SuiteRunner.java:289)
	at org.testng.SuiteRunnerWorker.runSuite(SuiteRunnerWorker.java:52)
	at org.testng.SuiteRunnerWorker.run(SuiteRunnerWorker.java:86)
	at org.testng.TestNG.runSuitesSequentially(TestNG.java:1301)
	at org.testng.TestNG.runSuitesSequentially(TestNG.java:1297)
	at org.testng.TestNG.runSuitesLocally(TestNG.java:1226)
	at org.testng.TestNG.runSuites(TestNG.java:1144)
	at org.testng.TestNG.run(TestNG.java:1115)
	at org.testng.remote.AbstractRemoteTestNG.run(AbstractRemoteTestNG.java:132)
	at org.testng.remote.RemoteTestNG.initAndRun(RemoteTestNG.java:236)
	at org.testng.remote.RemoteTestNG.main(RemoteTestNG.java:81)
]]>
            </full-stacktrace>
          </exception> <!-- org.testng.SkipException -->
          <reporter-output>
          </reporter-output>
        </test-method> <!-- testCaseB2 -->
      </class> <!-- Suite2.TestcaseB2 -->
    </test> <!-- TestcaseB2 -->
    <test name="TestcaseB3" duration-ms="176" started-at="2017-03-22T10:02:50Z" finished-at="2017-03-22T10:02:50Z">
      <class name="Suite2.TestcaseB3">
        <test-method status="PASS" signature="testCaseB3(java.util.Hashtable)[pri:0, instance:Suite2.TestcaseB3@77cd7a0]" name="testCaseB3" duration-ms="35" started-at="2017-03-22T15:32:50Z" data-provider="getDataSuite2" finished-at="2017-03-22T15:32:50Z">
          <params>
            <param index="0">
              <value>
                <![CDATA[{RunMode=Y, TestData=UserReg1, Iteration=1.0, Browser=Chrome}]]>
              </value>
            </param>
          </params>
          <reporter-output>
          </reporter-output>
        </test-method> <!-- testCaseB3 -->
        <test-method status="PASS" signature="testCaseB3(java.util.Hashtable)[pri:0, instance:Suite2.TestcaseB3@77cd7a0]" name="testCaseB3" duration-ms="16" started-at="2017-03-22T15:32:50Z" data-provider="getDataSuite2" finished-at="2017-03-22T15:32:50Z">
          <params>
            <param index="0">
              <value>
                <![CDATA[{RunMode=Y, TestData=UserReg2, Iteration=2.0, Browser=Firefox}]]>
              </value>
            </param>
          </params>
          <reporter-output>
          </reporter-output>
        </test-method> <!-- testCaseB3 -->
        <test-method status="PASS" signature="testCaseB3(java.util.Hashtable)[pri:0, instance:Suite2.TestcaseB3@77cd7a0]" name="testCaseB3" duration-ms="31" started-at="2017-03-22T15:32:50Z" data-provider="getDataSuite2" finished-at="2017-03-22T15:32:50Z">
          <params>
            <param index="0">
              <value>
                <![CDATA[{RunMode=Y, TestData=UserReg3, Iteration=3.0, Browser=Chrome}]]>
              </value>
            </param>
          </params>
          <reporter-output>
          </reporter-output>
        </test-method> <!-- testCaseB3 -->
        <test-method status="SKIP" signature="testCaseB3(java.util.Hashtable)[pri:0, instance:Suite2.TestcaseB3@77cd7a0]" name="testCaseB3" duration-ms="16" started-at="2017-03-22T15:32:50Z" data-provider="getDataSuite2" finished-at="2017-03-22T15:32:50Z">
          <params>
            <param index="0">
              <value>
                <![CDATA[{RunMode=N, TestData=UserReg4, Iteration=4.0, Browser=Firefox}]]>
              </value>
            </param>
          </params>
          <exception class="org.testng.SkipException">
            <message>
              <![CDATA[Skipped this data row as the RunMode is set to No]]>
            </message>
            <full-stacktrace>
              <![CDATA[org.testng.SkipException: Skipped this data row as the RunMode is set to No
	at utils.ReadTestData.checkExecution(ReadTestData.java:76)
	at Suite2.TestcaseB3.testCaseB3(TestcaseB3.java:18)
	at sun.reflect.NativeMethodAccessorImpl.invoke0(Native Method)
	at sun.reflect.NativeMethodAccessorImpl.invoke(Unknown Source)
	at sun.reflect.DelegatingMethodAccessorImpl.invoke(Unknown Source)
	at java.lang.reflect.Method.invoke(Unknown Source)
	at org.testng.internal.MethodInvocationHelper.invokeMethod(MethodInvocationHelper.java:108)
	at org.testng.internal.Invoker.invokeMethod(Invoker.java:661)
	at org.testng.internal.Invoker.invokeTestMethod(Invoker.java:869)
	at org.testng.internal.Invoker.invokeTestMethods(Invoker.java:1193)
	at org.testng.internal.TestMethodWorker.invokeTestMethods(TestMethodWorker.java:126)
	at org.testng.internal.TestMethodWorker.run(TestMethodWorker.java:109)
	at org.testng.TestRunner.privateRun(TestRunner.java:744)
	at org.testng.TestRunner.run(TestRunner.java:602)
	at org.testng.SuiteRunner.runTest(SuiteRunner.java:380)
	at org.testng.SuiteRunner.runSequentially(SuiteRunner.java:375)
	at org.testng.SuiteRunner.privateRun(SuiteRunner.java:340)
	at org.testng.SuiteRunner.run(SuiteRunner.java:289)
	at org.testng.SuiteRunnerWorker.runSuite(SuiteRunnerWorker.java:52)
	at org.testng.SuiteRunnerWorker.run(SuiteRunnerWorker.java:86)
	at org.testng.TestNG.runSuitesSequentially(TestNG.java:1301)
	at org.testng.TestNG.runSuitesSequentially(TestNG.java:1297)
	at org.testng.TestNG.runSuitesLocally(TestNG.java:1226)
	at org.testng.TestNG.runSuites(TestNG.java:1144)
	at org.testng.TestNG.run(TestNG.java:1115)
	at org.testng.remote.AbstractRemoteTestNG.run(AbstractRemoteTestNG.java:132)
	at org.testng.remote.RemoteTestNG.initAndRun(RemoteTestNG.java:236)
	at org.testng.remote.RemoteTestNG.main(RemoteTestNG.java:81)
]]>
            </full-stacktrace>
          </exception> <!-- org.testng.SkipException -->
          <reporter-output>
          </reporter-output>
        </test-method> <!-- testCaseB3 -->
        <test-method status="SKIP" signature="testCaseB3(java.util.Hashtable)[pri:0, instance:Suite2.TestcaseB3@77cd7a0]" name="testCaseB3" duration-ms="47" started-at="2017-03-22T15:32:50Z" data-provider="getDataSuite2" finished-at="2017-03-22T15:32:50Z">
          <params>
            <param index="0">
              <value>
                <![CDATA[{RunMode=N, TestData=UserReg5, Iteration=5.0, Browser=Chrome}]]>
              </value>
            </param>
          </params>
          <exception class="org.testng.SkipException">
            <message>
              <![CDATA[Skipped this data row as the RunMode is set to No]]>
            </message>
            <full-stacktrace>
              <![CDATA[org.testng.SkipException: Skipped this data row as the RunMode is set to No
	at utils.ReadTestData.checkExecution(ReadTestData.java:76)
	at Suite2.TestcaseB3.testCaseB3(TestcaseB3.java:18)
	at sun.reflect.NativeMethodAccessorImpl.invoke0(Native Method)
	at sun.reflect.NativeMethodAccessorImpl.invoke(Unknown Source)
	at sun.reflect.DelegatingMethodAccessorImpl.invoke(Unknown Source)
	at java.lang.reflect.Method.invoke(Unknown Source)
	at org.testng.internal.MethodInvocationHelper.invokeMethod(MethodInvocationHelper.java:108)
	at org.testng.internal.Invoker.invokeMethod(Invoker.java:661)
	at org.testng.internal.Invoker.invokeTestMethod(Invoker.java:869)
	at org.testng.internal.Invoker.invokeTestMethods(Invoker.java:1193)
	at org.testng.internal.TestMethodWorker.invokeTestMethods(TestMethodWorker.java:126)
	at org.testng.internal.TestMethodWorker.run(TestMethodWorker.java:109)
	at org.testng.TestRunner.privateRun(TestRunner.java:744)
	at org.testng.TestRunner.run(TestRunner.java:602)
	at org.testng.SuiteRunner.runTest(SuiteRunner.java:380)
	at org.testng.SuiteRunner.runSequentially(SuiteRunner.java:375)
	at org.testng.SuiteRunner.privateRun(SuiteRunner.java:340)
	at org.testng.SuiteRunner.run(SuiteRunner.java:289)
	at org.testng.SuiteRunnerWorker.runSuite(SuiteRunnerWorker.java:52)
	at org.testng.SuiteRunnerWorker.run(SuiteRunnerWorker.java:86)
	at org.testng.TestNG.runSuitesSequentially(TestNG.java:1301)
	at org.testng.TestNG.runSuitesSequentially(TestNG.java:1297)
	at org.testng.TestNG.runSuitesLocally(TestNG.java:1226)
	at org.testng.TestNG.runSuites(TestNG.java:1144)
	at org.testng.TestNG.run(TestNG.java:1115)
	at org.testng.remote.AbstractRemoteTestNG.run(AbstractRemoteTestNG.java:132)
	at org.testng.remote.RemoteTestNG.initAndRun(RemoteTestNG.java:236)
	at org.testng.remote.RemoteTestNG.main(RemoteTestNG.java:81)
]]>
            </full-stacktrace>
          </exception> <!-- org.testng.SkipException -->
          <reporter-output>
          </reporter-output>
        </test-method> <!-- testCaseB3 -->
      </class> <!-- Suite2.TestcaseB3 -->
    </test> <!-- TestcaseB3 -->
  </suite> <!-- Suite2 -->
  <suite name="Test Suites" duration-ms="0" started-at="2017-03-22T10:02:50Z" finished-at="2017-03-22T10:02:50Z">
    <groups>
    </groups>
  </suite> <!-- Test Suites -->
</testng-results>
